{"/Users/blancavaldes/Desktop/Bloom/src/app.js": {"path":"/Users/blancavaldes/Desktop/Bloom/src/app.js","statementMap":{"0":{"start":{"line":13,"column":0},"end":{"line":13,"column":16}},"1":{"start":{"line":15,"column":19},"end":{"line":15,"column":49}},"2":{"start":{"line":16,"column":18},"end":{"line":16,"column":42}},"3":{"start":{"line":19,"column":14},"end":{"line":19,"column":23}},"4":{"start":{"line":21,"column":2},"end":{"line":30,"column":6}},"5":{"start":{"line":32,"column":2},"end":{"line":32,"column":18}},"6":{"start":{"line":33,"column":2},"end":{"line":33,"column":26}},"7":{"start":{"line":34,"column":2},"end":{"line":34,"column":50}},"8":{"start":{"line":36,"column":2},"end":{"line":36,"column":69}},"9":{"start":{"line":38,"column":2},"end":{"line":42,"column":6}},"10":{"start":{"line":44,"column":2},"end":{"line":47,"column":5}},"11":{"start":{"line":45,"column":4},"end":{"line":45,"column":51}},"12":{"start":{"line":46,"column":4},"end":{"line":46,"column":11}},"13":{"start":{"line":49,"column":2},"end":{"line":49,"column":27}},"14":{"start":{"line":50,"column":2},"end":{"line":50,"column":43}},"15":{"start":{"line":51,"column":2},"end":{"line":51,"column":37}},"16":{"start":{"line":52,"column":2},"end":{"line":52,"column":41}},"17":{"start":{"line":54,"column":2},"end":{"line":54,"column":89}},"18":{"start":{"line":54,"column":29},"end":{"line":54,"column":87}},"19":{"start":{"line":55,"column":2},"end":{"line":55,"column":100}},"20":{"start":{"line":55,"column":37},"end":{"line":55,"column":98}},"21":{"start":{"line":56,"column":2},"end":{"line":56,"column":92}},"22":{"start":{"line":56,"column":33},"end":{"line":56,"column":90}},"23":{"start":{"line":57,"column":2},"end":{"line":57,"column":106}},"24":{"start":{"line":57,"column":40},"end":{"line":57,"column":104}},"25":{"start":{"line":58,"column":2},"end":{"line":58,"column":98}},"26":{"start":{"line":58,"column":36},"end":{"line":58,"column":96}},"27":{"start":{"line":59,"column":2},"end":{"line":59,"column":60}},"28":{"start":{"line":59,"column":34},"end":{"line":59,"column":58}},"29":{"start":{"line":60,"column":2},"end":{"line":60,"column":63}},"30":{"start":{"line":60,"column":37},"end":{"line":60,"column":61}},"31":{"start":{"line":63,"column":2},"end":{"line":63,"column":64}},"32":{"start":{"line":63,"column":36},"end":{"line":63,"column":62}},"33":{"start":{"line":65,"column":2},"end":{"line":65,"column":13}}},"fnMap":{"0":{"name":"createApp","decl":{"start":{"line":18,"column":16},"end":{"line":18,"column":25}},"loc":{"start":{"line":18,"column":40},"end":{"line":66,"column":1}},"line":18},"1":{"name":"(anonymous_1)","decl":{"start":{"line":44,"column":10},"end":{"line":44,"column":11}},"loc":{"start":{"line":44,"column":30},"end":{"line":47,"column":3}},"line":44},"2":{"name":"(anonymous_2)","decl":{"start":{"line":54,"column":15},"end":{"line":54,"column":16}},"loc":{"start":{"line":54,"column":29},"end":{"line":54,"column":87}},"line":54},"3":{"name":"(anonymous_3)","decl":{"start":{"line":55,"column":23},"end":{"line":55,"column":24}},"loc":{"start":{"line":55,"column":37},"end":{"line":55,"column":98}},"line":55},"4":{"name":"(anonymous_4)","decl":{"start":{"line":56,"column":19},"end":{"line":56,"column":20}},"loc":{"start":{"line":56,"column":33},"end":{"line":56,"column":90}},"line":56},"5":{"name":"(anonymous_5)","decl":{"start":{"line":57,"column":26},"end":{"line":57,"column":27}},"loc":{"start":{"line":57,"column":40},"end":{"line":57,"column":104}},"line":57},"6":{"name":"(anonymous_6)","decl":{"start":{"line":58,"column":22},"end":{"line":58,"column":23}},"loc":{"start":{"line":58,"column":36},"end":{"line":58,"column":96}},"line":58},"7":{"name":"(anonymous_7)","decl":{"start":{"line":59,"column":20},"end":{"line":59,"column":21}},"loc":{"start":{"line":59,"column":34},"end":{"line":59,"column":58}},"line":59},"8":{"name":"(anonymous_8)","decl":{"start":{"line":60,"column":23},"end":{"line":60,"column":24}},"loc":{"start":{"line":60,"column":37},"end":{"line":60,"column":61}},"line":60},"9":{"name":"(anonymous_9)","decl":{"start":{"line":63,"column":21},"end":{"line":63,"column":22}},"loc":{"start":{"line":63,"column":36},"end":{"line":63,"column":62}},"line":63}},"branchMap":{"0":{"loc":{"start":{"line":18,"column":26},"end":{"line":18,"column":38}},"type":"default-arg","locations":[{"start":{"line":18,"column":36},"end":{"line":18,"column":38}}],"line":18},"1":{"loc":{"start":{"line":39,"column":12},"end":{"line":39,"column":79}},"type":"binary-expr","locations":[{"start":{"line":39,"column":12},"end":{"line":39,"column":33}},{"start":{"line":39,"column":37},"end":{"line":39,"column":63}},{"start":{"line":39,"column":67},"end":{"line":39,"column":79}}],"line":39},"2":{"loc":{"start":{"line":45,"column":24},"end":{"line":45,"column":50}},"type":"binary-expr","locations":[{"start":{"line":45,"column":24},"end":{"line":45,"column":42}},{"start":{"line":45,"column":46},"end":{"line":45,"column":50}}],"line":45}},"s":{"0":5,"1":5,"2":5,"3":10,"4":10,"5":10,"6":10,"7":10,"8":10,"9":10,"10":10,"11":34,"12":34,"13":10,"14":10,"15":10,"16":10,"17":10,"18":0,"19":10,"20":0,"21":10,"22":0,"23":10,"24":0,"25":10,"26":0,"27":10,"28":0,"29":10,"30":0,"31":10,"32":1,"33":10},"f":{"0":10,"1":34,"2":0,"3":0,"4":0,"5":0,"6":0,"7":0,"8":0,"9":1},"b":{"0":[5],"1":[10,5,0],"2":[34,21]},"_coverageSchema":"1a1c01bbd47fc00a2c39e90264f33305004495a9","hash":"f8f3dc5017f0e57eef57d8eb0fdb88cde8b16d4a"}
,"/Users/blancavaldes/Desktop/Bloom/src/routes/auth.js": {"path":"/Users/blancavaldes/Desktop/Bloom/src/routes/auth.js","statementMap":{"0":{"start":{"line":5,"column":15},"end":{"line":5,"column":23}},"1":{"start":{"line":7,"column":0},"end":{"line":18,"column":3}},"2":{"start":{"line":8,"column":30},"end":{"line":8,"column":38}},"3":{"start":{"line":9,"column":2},"end":{"line":9,"column":97}},"4":{"start":{"line":9,"column":27},"end":{"line":9,"column":97}},"5":{"start":{"line":10,"column":19},"end":{"line":10,"column":79}},"6":{"start":{"line":11,"column":2},"end":{"line":11,"column":90}},"7":{"start":{"line":11,"column":23},"end":{"line":11,"column":90}},"8":{"start":{"line":12,"column":15},"end":{"line":12,"column":46}},"9":{"start":{"line":13,"column":17},"end":{"line":13,"column":101}},"10":{"start":{"line":14,"column":2},"end":{"line":14,"column":39}},"11":{"start":{"line":15,"column":21},"end":{"line":15,"column":102}},"12":{"start":{"line":16,"column":2},"end":{"line":16,"column":43}},"13":{"start":{"line":16,"column":18},"end":{"line":16,"column":43}},"14":{"start":{"line":17,"column":2},"end":{"line":17,"column":30}},"15":{"start":{"line":20,"column":0},"end":{"line":32,"column":3}},"16":{"start":{"line":21,"column":30},"end":{"line":21,"column":38}},"17":{"start":{"line":22,"column":2},"end":{"line":22,"column":97}},"18":{"start":{"line":22,"column":27},"end":{"line":22,"column":97}},"19":{"start":{"line":23,"column":16},"end":{"line":23,"column":91}},"20":{"start":{"line":24,"column":2},"end":{"line":24,"column":83}},"21":{"start":{"line":24,"column":21},"end":{"line":24,"column":83}},"22":{"start":{"line":25,"column":15},"end":{"line":25,"column":23}},"23":{"start":{"line":26,"column":13},"end":{"line":26,"column":63}},"24":{"start":{"line":27,"column":2},"end":{"line":27,"column":73}},"25":{"start":{"line":27,"column":11},"end":{"line":27,"column":73}},"26":{"start":{"line":28,"column":2},"end":{"line":28,"column":31}},"27":{"start":{"line":29,"column":21},"end":{"line":29,"column":102}},"28":{"start":{"line":30,"column":2},"end":{"line":30,"column":43}},"29":{"start":{"line":30,"column":18},"end":{"line":30,"column":43}},"30":{"start":{"line":31,"column":2},"end":{"line":31,"column":30}},"31":{"start":{"line":34,"column":0},"end":{"line":36,"column":3}},"32":{"start":{"line":35,"column":2},"end":{"line":35,"column":57}},"33":{"start":{"line":35,"column":28},"end":{"line":35,"column":55}},"34":{"start":{"line":38,"column":0},"end":{"line":40,"column":3}},"35":{"start":{"line":39,"column":2},"end":{"line":39,"column":47}}},"fnMap":{"0":{"name":"(anonymous_0)","decl":{"start":{"line":7,"column":29},"end":{"line":7,"column":30}},"loc":{"start":{"line":7,"column":49},"end":{"line":18,"column":1}},"line":7},"1":{"name":"(anonymous_1)","decl":{"start":{"line":20,"column":26},"end":{"line":20,"column":27}},"loc":{"start":{"line":20,"column":46},"end":{"line":32,"column":1}},"line":20},"2":{"name":"(anonymous_2)","decl":{"start":{"line":34,"column":27},"end":{"line":34,"column":28}},"loc":{"start":{"line":34,"column":41},"end":{"line":36,"column":1}},"line":34},"3":{"name":"(anonymous_3)","decl":{"start":{"line":35,"column":22},"end":{"line":35,"column":23}},"loc":{"start":{"line":35,"column":28},"end":{"line":35,"column":55}},"line":35},"4":{"name":"(anonymous_4)","decl":{"start":{"line":38,"column":31},"end":{"line":38,"column":32}},"loc":{"start":{"line":38,"column":45},"end":{"line":40,"column":1}},"line":38}},"branchMap":{"0":{"loc":{"start":{"line":9,"column":2},"end":{"line":9,"column":97}},"type":"if","locations":[{"start":{"line":9,"column":2},"end":{"line":9,"column":97}},{"start":{},"end":{}}],"line":9},"1":{"loc":{"start":{"line":9,"column":6},"end":{"line":9,"column":25}},"type":"binary-expr","locations":[{"start":{"line":9,"column":6},"end":{"line":9,"column":12}},{"start":{"line":9,"column":16},"end":{"line":9,"column":25}}],"line":9},"2":{"loc":{"start":{"line":11,"column":2},"end":{"line":11,"column":90}},"type":"if","locations":[{"start":{"line":11,"column":2},"end":{"line":11,"column":90}},{"start":{},"end":{}}],"line":11},"3":{"loc":{"start":{"line":15,"column":22},"end":{"line":15,"column":55}},"type":"binary-expr","locations":[{"start":{"line":15,"column":22},"end":{"line":15,"column":49}},{"start":{"line":15,"column":53},"end":{"line":15,"column":55}}],"line":15},"4":{"loc":{"start":{"line":16,"column":2},"end":{"line":16,"column":43}},"type":"if","locations":[{"start":{"line":16,"column":2},"end":{"line":16,"column":43}},{"start":{},"end":{}}],"line":16},"5":{"loc":{"start":{"line":22,"column":2},"end":{"line":22,"column":97}},"type":"if","locations":[{"start":{"line":22,"column":2},"end":{"line":22,"column":97}},{"start":{},"end":{}}],"line":22},"6":{"loc":{"start":{"line":22,"column":6},"end":{"line":22,"column":25}},"type":"binary-expr","locations":[{"start":{"line":22,"column":6},"end":{"line":22,"column":12}},{"start":{"line":22,"column":16},"end":{"line":22,"column":25}}],"line":22},"7":{"loc":{"start":{"line":24,"column":2},"end":{"line":24,"column":83}},"type":"if","locations":[{"start":{"line":24,"column":2},"end":{"line":24,"column":83}},{"start":{},"end":{}}],"line":24},"8":{"loc":{"start":{"line":27,"column":2},"end":{"line":27,"column":73}},"type":"if","locations":[{"start":{"line":27,"column":2},"end":{"line":27,"column":73}},{"start":{},"end":{}}],"line":27},"9":{"loc":{"start":{"line":29,"column":22},"end":{"line":29,"column":55}},"type":"binary-expr","locations":[{"start":{"line":29,"column":22},"end":{"line":29,"column":49}},{"start":{"line":29,"column":53},"end":{"line":29,"column":55}}],"line":29},"10":{"loc":{"start":{"line":30,"column":2},"end":{"line":30,"column":43}},"type":"if","locations":[{"start":{"line":30,"column":2},"end":{"line":30,"column":43}},{"start":{},"end":{}}],"line":30}},"s":{"0":5,"1":5,"2":2,"3":2,"4":0,"5":2,"6":2,"7":1,"8":1,"9":1,"10":1,"11":1,"12":1,"13":0,"14":1,"15":5,"16":14,"17":14,"18":0,"19":14,"20":14,"21":1,"22":13,"23":13,"24":13,"25":0,"26":13,"27":13,"28":13,"29":0,"30":13,"31":5,"32":0,"33":0,"34":5,"35":2},"f":{"0":2,"1":14,"2":0,"3":0,"4":2},"b":{"0":[0,2],"1":[2,2],"2":[1,1],"3":[1,0],"4":[0,1],"5":[0,14],"6":[14,14],"7":[1,13],"8":[0,13],"9":[13,0],"10":[0,13]},"_coverageSchema":"1a1c01bbd47fc00a2c39e90264f33305004495a9","hash":"f1629c458713d7be3be5a6acdbb665336880f4a2"}
,"/Users/blancavaldes/Desktop/Bloom/src/routes/journal.js": {"path":"/Users/blancavaldes/Desktop/Bloom/src/routes/journal.js","statementMap":{"0":{"start":{"line":4,"column":15},"end":{"line":4,"column":23}},"1":{"start":{"line":7,"column":2},"end":{"line":7,"column":81}},"2":{"start":{"line":7,"column":27},"end":{"line":7,"column":81}},"3":{"start":{"line":8,"column":2},"end":{"line":8,"column":9}},"4":{"start":{"line":11,"column":0},"end":{"line":11,"column":23}},"5":{"start":{"line":13,"column":0},"end":{"line":19,"column":3}},"6":{"start":{"line":14,"column":15},"end":{"line":17,"column":3}},"7":{"start":{"line":18,"column":2},"end":{"line":18,"column":17}},"8":{"start":{"line":21,"column":0},"end":{"line":30,"column":3}},"9":{"start":{"line":22,"column":35},"end":{"line":22,"column":43}},"10":{"start":{"line":24,"column":19},"end":{"line":24,"column":61}},"11":{"start":{"line":25,"column":17},"end":{"line":28,"column":3}},"12":{"start":{"line":29,"column":2},"end":{"line":29,"column":36}},"13":{"start":{"line":32,"column":0},"end":{"line":42,"column":3}},"14":{"start":{"line":33,"column":17},"end":{"line":33,"column":27}},"15":{"start":{"line":34,"column":35},"end":{"line":34,"column":43}},"16":{"start":{"line":36,"column":19},"end":{"line":36,"column":61}},"17":{"start":{"line":37,"column":2},"end":{"line":40,"column":4}},"18":{"start":{"line":41,"column":2},"end":{"line":41,"column":30}},"19":{"start":{"line":44,"column":0},"end":{"line":48,"column":3}},"20":{"start":{"line":45,"column":17},"end":{"line":45,"column":27}},"21":{"start":{"line":46,"column":2},"end":{"line":46,"column":108}},"22":{"start":{"line":47,"column":2},"end":{"line":47,"column":30}}},"fnMap":{"0":{"name":"ensureAuth","decl":{"start":{"line":6,"column":9},"end":{"line":6,"column":19}},"loc":{"start":{"line":6,"column":37},"end":{"line":9,"column":1}},"line":6},"1":{"name":"(anonymous_1)","decl":{"start":{"line":13,"column":16},"end":{"line":13,"column":17}},"loc":{"start":{"line":13,"column":36},"end":{"line":19,"column":1}},"line":13},"2":{"name":"(anonymous_2)","decl":{"start":{"line":21,"column":17},"end":{"line":21,"column":18}},"loc":{"start":{"line":21,"column":37},"end":{"line":30,"column":1}},"line":21},"3":{"name":"(anonymous_3)","decl":{"start":{"line":32,"column":19},"end":{"line":32,"column":20}},"loc":{"start":{"line":32,"column":39},"end":{"line":42,"column":1}},"line":32},"4":{"name":"(anonymous_4)","decl":{"start":{"line":44,"column":22},"end":{"line":44,"column":23}},"loc":{"start":{"line":44,"column":42},"end":{"line":48,"column":1}},"line":44}},"branchMap":{"0":{"loc":{"start":{"line":7,"column":2},"end":{"line":7,"column":81}},"type":"if","locations":[{"start":{"line":7,"column":2},"end":{"line":7,"column":81}},{"start":{},"end":{}}],"line":7}},"s":{"0":5,"1":5,"2":1,"3":4,"4":5,"5":5,"6":1,"7":1,"8":5,"9":1,"10":1,"11":1,"12":1,"13":5,"14":1,"15":1,"16":1,"17":1,"18":1,"19":5,"20":1,"21":1,"22":1},"f":{"0":5,"1":1,"2":1,"3":1,"4":1},"b":{"0":[1,4]},"_coverageSchema":"1a1c01bbd47fc00a2c39e90264f33305004495a9","hash":"e96dc2d1d9f7a3731af453a3c9ca5543fd89e024"}
,"/Users/blancavaldes/Desktop/Bloom/src/routes/meals.js": {"path":"/Users/blancavaldes/Desktop/Bloom/src/routes/meals.js","statementMap":{"0":{"start":{"line":4,"column":15},"end":{"line":4,"column":23}},"1":{"start":{"line":7,"column":2},"end":{"line":7,"column":81}},"2":{"start":{"line":7,"column":27},"end":{"line":7,"column":81}},"3":{"start":{"line":8,"column":2},"end":{"line":8,"column":9}},"4":{"start":{"line":11,"column":0},"end":{"line":11,"column":23}},"5":{"start":{"line":13,"column":0},"end":{"line":19,"column":3}},"6":{"start":{"line":14,"column":15},"end":{"line":17,"column":3}},"7":{"start":{"line":18,"column":2},"end":{"line":18,"column":17}},"8":{"start":{"line":21,"column":0},"end":{"line":39,"column":3}},"9":{"start":{"line":22,"column":69},"end":{"line":22,"column":77}},"10":{"start":{"line":24,"column":19},"end":{"line":24,"column":61}},"11":{"start":{"line":25,"column":17},"end":{"line":37,"column":3}},"12":{"start":{"line":38,"column":2},"end":{"line":38,"column":36}},"13":{"start":{"line":41,"column":0},"end":{"line":51,"column":3}},"14":{"start":{"line":42,"column":17},"end":{"line":42,"column":27}},"15":{"start":{"line":43,"column":69},"end":{"line":43,"column":77}},"16":{"start":{"line":45,"column":19},"end":{"line":45,"column":61}},"17":{"start":{"line":46,"column":2},"end":{"line":49,"column":4}},"18":{"start":{"line":50,"column":2},"end":{"line":50,"column":30}},"19":{"start":{"line":53,"column":0},"end":{"line":57,"column":3}},"20":{"start":{"line":54,"column":17},"end":{"line":54,"column":27}},"21":{"start":{"line":55,"column":2},"end":{"line":55,"column":98}},"22":{"start":{"line":56,"column":2},"end":{"line":56,"column":30}}},"fnMap":{"0":{"name":"ensureAuth","decl":{"start":{"line":6,"column":9},"end":{"line":6,"column":19}},"loc":{"start":{"line":6,"column":37},"end":{"line":9,"column":1}},"line":6},"1":{"name":"(anonymous_1)","decl":{"start":{"line":13,"column":16},"end":{"line":13,"column":17}},"loc":{"start":{"line":13,"column":36},"end":{"line":19,"column":1}},"line":13},"2":{"name":"(anonymous_2)","decl":{"start":{"line":21,"column":17},"end":{"line":21,"column":18}},"loc":{"start":{"line":21,"column":37},"end":{"line":39,"column":1}},"line":21},"3":{"name":"(anonymous_3)","decl":{"start":{"line":41,"column":19},"end":{"line":41,"column":20}},"loc":{"start":{"line":41,"column":39},"end":{"line":51,"column":1}},"line":41},"4":{"name":"(anonymous_4)","decl":{"start":{"line":53,"column":22},"end":{"line":53,"column":23}},"loc":{"start":{"line":53,"column":42},"end":{"line":57,"column":1}},"line":53}},"branchMap":{"0":{"loc":{"start":{"line":7,"column":2},"end":{"line":7,"column":81}},"type":"if","locations":[{"start":{"line":7,"column":2},"end":{"line":7,"column":81}},{"start":{},"end":{}}],"line":7},"1":{"loc":{"start":{"line":31,"column":6},"end":{"line":31,"column":19}},"type":"binary-expr","locations":[{"start":{"line":31,"column":6},"end":{"line":31,"column":14}},{"start":{"line":31,"column":18},"end":{"line":31,"column":19}}],"line":31},"2":{"loc":{"start":{"line":32,"column":6},"end":{"line":32,"column":20}},"type":"binary-expr","locations":[{"start":{"line":32,"column":6},"end":{"line":32,"column":15}},{"start":{"line":32,"column":19},"end":{"line":32,"column":20}}],"line":32},"3":{"loc":{"start":{"line":33,"column":6},"end":{"line":33,"column":18}},"type":"binary-expr","locations":[{"start":{"line":33,"column":6},"end":{"line":33,"column":13}},{"start":{"line":33,"column":17},"end":{"line":33,"column":18}}],"line":33},"4":{"loc":{"start":{"line":34,"column":6},"end":{"line":34,"column":16}},"type":"binary-expr","locations":[{"start":{"line":34,"column":6},"end":{"line":34,"column":11}},{"start":{"line":34,"column":15},"end":{"line":34,"column":16}}],"line":34},"5":{"loc":{"start":{"line":35,"column":6},"end":{"line":35,"column":19}},"type":"binary-expr","locations":[{"start":{"line":35,"column":6},"end":{"line":35,"column":11}},{"start":{"line":35,"column":15},"end":{"line":35,"column":19}}],"line":35},"6":{"loc":{"start":{"line":48,"column":21},"end":{"line":48,"column":34}},"type":"binary-expr","locations":[{"start":{"line":48,"column":21},"end":{"line":48,"column":29}},{"start":{"line":48,"column":33},"end":{"line":48,"column":34}}],"line":48},"7":{"loc":{"start":{"line":48,"column":36},"end":{"line":48,"column":50}},"type":"binary-expr","locations":[{"start":{"line":48,"column":36},"end":{"line":48,"column":45}},{"start":{"line":48,"column":49},"end":{"line":48,"column":50}}],"line":48},"8":{"loc":{"start":{"line":48,"column":52},"end":{"line":48,"column":64}},"type":"binary-expr","locations":[{"start":{"line":48,"column":52},"end":{"line":48,"column":59}},{"start":{"line":48,"column":63},"end":{"line":48,"column":64}}],"line":48},"9":{"loc":{"start":{"line":48,"column":66},"end":{"line":48,"column":76}},"type":"binary-expr","locations":[{"start":{"line":48,"column":66},"end":{"line":48,"column":71}},{"start":{"line":48,"column":75},"end":{"line":48,"column":76}}],"line":48},"10":{"loc":{"start":{"line":48,"column":78},"end":{"line":48,"column":91}},"type":"binary-expr","locations":[{"start":{"line":48,"column":78},"end":{"line":48,"column":83}},{"start":{"line":48,"column":87},"end":{"line":48,"column":91}}],"line":48}},"s":{"0":5,"1":5,"2":1,"3":4,"4":5,"5":5,"6":1,"7":1,"8":5,"9":1,"10":1,"11":1,"12":1,"13":5,"14":1,"15":1,"16":1,"17":1,"18":1,"19":5,"20":1,"21":1,"22":1},"f":{"0":5,"1":1,"2":1,"3":1,"4":1},"b":{"0":[1,4],"1":[1,1],"2":[1,1],"3":[1,1],"4":[1,1],"5":[1,1],"6":[1,1],"7":[1,1],"8":[1,1],"9":[1,1],"10":[1,1]},"_coverageSchema":"1a1c01bbd47fc00a2c39e90264f33305004495a9","hash":"0dfd69b8bab7107664e57b18d88bf246e6e4eeef"}
,"/Users/blancavaldes/Desktop/Bloom/src/routes/workouts.js": {"path":"/Users/blancavaldes/Desktop/Bloom/src/routes/workouts.js","statementMap":{"0":{"start":{"line":4,"column":15},"end":{"line":4,"column":23}},"1":{"start":{"line":7,"column":2},"end":{"line":7,"column":81}},"2":{"start":{"line":7,"column":27},"end":{"line":7,"column":81}},"3":{"start":{"line":8,"column":2},"end":{"line":8,"column":9}},"4":{"start":{"line":11,"column":0},"end":{"line":11,"column":23}},"5":{"start":{"line":13,"column":0},"end":{"line":19,"column":3}},"6":{"start":{"line":14,"column":15},"end":{"line":17,"column":3}},"7":{"start":{"line":18,"column":2},"end":{"line":18,"column":17}},"8":{"start":{"line":21,"column":0},"end":{"line":30,"column":3}},"9":{"start":{"line":22,"column":50},"end":{"line":22,"column":58}},"10":{"start":{"line":24,"column":19},"end":{"line":24,"column":61}},"11":{"start":{"line":25,"column":17},"end":{"line":28,"column":3}},"12":{"start":{"line":29,"column":2},"end":{"line":29,"column":36}},"13":{"start":{"line":32,"column":0},"end":{"line":42,"column":3}},"14":{"start":{"line":33,"column":17},"end":{"line":33,"column":27}},"15":{"start":{"line":34,"column":50},"end":{"line":34,"column":58}},"16":{"start":{"line":36,"column":19},"end":{"line":36,"column":61}},"17":{"start":{"line":37,"column":2},"end":{"line":40,"column":4}},"18":{"start":{"line":41,"column":2},"end":{"line":41,"column":30}},"19":{"start":{"line":44,"column":0},"end":{"line":48,"column":3}},"20":{"start":{"line":45,"column":17},"end":{"line":45,"column":27}},"21":{"start":{"line":46,"column":2},"end":{"line":46,"column":101}},"22":{"start":{"line":47,"column":2},"end":{"line":47,"column":30}}},"fnMap":{"0":{"name":"ensureAuth","decl":{"start":{"line":6,"column":9},"end":{"line":6,"column":19}},"loc":{"start":{"line":6,"column":37},"end":{"line":9,"column":1}},"line":6},"1":{"name":"(anonymous_1)","decl":{"start":{"line":13,"column":16},"end":{"line":13,"column":17}},"loc":{"start":{"line":13,"column":36},"end":{"line":19,"column":1}},"line":13},"2":{"name":"(anonymous_2)","decl":{"start":{"line":21,"column":17},"end":{"line":21,"column":18}},"loc":{"start":{"line":21,"column":37},"end":{"line":30,"column":1}},"line":21},"3":{"name":"(anonymous_3)","decl":{"start":{"line":32,"column":19},"end":{"line":32,"column":20}},"loc":{"start":{"line":32,"column":39},"end":{"line":42,"column":1}},"line":32},"4":{"name":"(anonymous_4)","decl":{"start":{"line":44,"column":22},"end":{"line":44,"column":23}},"loc":{"start":{"line":44,"column":42},"end":{"line":48,"column":1}},"line":44}},"branchMap":{"0":{"loc":{"start":{"line":7,"column":2},"end":{"line":7,"column":81}},"type":"if","locations":[{"start":{"line":7,"column":2},"end":{"line":7,"column":81}},{"start":{},"end":{}}],"line":7},"1":{"loc":{"start":{"line":27,"column":41},"end":{"line":27,"column":62}},"type":"binary-expr","locations":[{"start":{"line":27,"column":41},"end":{"line":27,"column":57}},{"start":{"line":27,"column":61},"end":{"line":27,"column":62}}],"line":27},"2":{"loc":{"start":{"line":27,"column":64},"end":{"line":27,"column":77}},"type":"binary-expr","locations":[{"start":{"line":27,"column":64},"end":{"line":27,"column":69}},{"start":{"line":27,"column":73},"end":{"line":27,"column":77}}],"line":27},"3":{"loc":{"start":{"line":39,"column":21},"end":{"line":39,"column":42}},"type":"binary-expr","locations":[{"start":{"line":39,"column":21},"end":{"line":39,"column":37}},{"start":{"line":39,"column":41},"end":{"line":39,"column":42}}],"line":39},"4":{"loc":{"start":{"line":39,"column":44},"end":{"line":39,"column":57}},"type":"binary-expr","locations":[{"start":{"line":39,"column":44},"end":{"line":39,"column":49}},{"start":{"line":39,"column":53},"end":{"line":39,"column":57}}],"line":39}},"s":{"0":5,"1":5,"2":1,"3":4,"4":5,"5":5,"6":1,"7":1,"8":5,"9":1,"10":1,"11":1,"12":1,"13":5,"14":1,"15":1,"16":1,"17":1,"18":1,"19":5,"20":1,"21":1,"22":1},"f":{"0":5,"1":1,"2":1,"3":1,"4":1},"b":{"0":[1,4],"1":[1,1],"2":[1,1],"3":[1,1],"4":[1,1]},"_coverageSchema":"1a1c01bbd47fc00a2c39e90264f33305004495a9","hash":"73d02e548c297cc35f8aacdd5826d82c40b929c2"}
,"/Users/blancavaldes/Desktop/Bloom/src/utils/db.js": {"path":"/Users/blancavaldes/Desktop/Bloom/src/utils/db.js","statementMap":{"0":{"start":{"line":4,"column":0},"end":{"line":4,"column":16}},"1":{"start":{"line":9,"column":2},"end":{"line":20,"column":3}},"2":{"start":{"line":10,"column":4},"end":{"line":19,"column":7}},"3":{"start":{"line":21,"column":2},"end":{"line":21,"column":14}},"4":{"start":{"line":26,"column":2},"end":{"line":26,"column":11}},"5":{"start":{"line":30,"column":2},"end":{"line":30,"column":19}},"6":{"start":{"line":34,"column":17},"end":{"line":34,"column":53}},"7":{"start":{"line":35,"column":2},"end":{"line":35,"column":14}}},"fnMap":{"0":{"name":"getPool","decl":{"start":{"line":8,"column":16},"end":{"line":8,"column":23}},"loc":{"start":{"line":8,"column":26},"end":{"line":22,"column":1}},"line":8},"1":{"name":"__setPool","decl":{"start":{"line":25,"column":16},"end":{"line":25,"column":25}},"loc":{"start":{"line":25,"column":29},"end":{"line":27,"column":1}},"line":25},"2":{"name":"__resetPool","decl":{"start":{"line":29,"column":16},"end":{"line":29,"column":27}},"loc":{"start":{"line":29,"column":30},"end":{"line":31,"column":1}},"line":29},"3":{"name":"query","decl":{"start":{"line":33,"column":22},"end":{"line":33,"column":27}},"loc":{"start":{"line":33,"column":41},"end":{"line":36,"column":1}},"line":33}},"branchMap":{"0":{"loc":{"start":{"line":9,"column":2},"end":{"line":20,"column":3}},"type":"if","locations":[{"start":{"line":9,"column":2},"end":{"line":20,"column":3}},{"start":{},"end":{}}],"line":9},"1":{"loc":{"start":{"line":11,"column":12},"end":{"line":11,"column":46}},"type":"binary-expr","locations":[{"start":{"line":11,"column":12},"end":{"line":11,"column":31}},{"start":{"line":11,"column":35},"end":{"line":11,"column":46}}],"line":11},"2":{"loc":{"start":{"line":12,"column":19},"end":{"line":12,"column":46}},"type":"binary-expr","locations":[{"start":{"line":12,"column":19},"end":{"line":12,"column":38}},{"start":{"line":12,"column":42},"end":{"line":12,"column":46}}],"line":12},"3":{"loc":{"start":{"line":15,"column":16},"end":{"line":15,"column":50}},"type":"binary-expr","locations":[{"start":{"line":15,"column":16},"end":{"line":15,"column":39}},{"start":{"line":15,"column":43},"end":{"line":15,"column":50}}],"line":15}},"s":{"0":1,"1":2,"2":1,"3":2,"4":1,"5":0,"6":1,"7":1},"f":{"0":2,"1":1,"2":0,"3":1},"b":{"0":[1,1],"1":[1,0],"2":[1,0],"3":[1,0]},"_coverageSchema":"1a1c01bbd47fc00a2c39e90264f33305004495a9","hash":"4fba14e6180ea59c806668840c51717bca139b51"}
}
