TN:
SF:src/app.js
FN:18,createApp
FN:44,(anonymous_1)
FN:54,(anonymous_2)
FN:55,(anonymous_3)
FN:56,(anonymous_4)
FN:57,(anonymous_5)
FN:58,(anonymous_6)
FN:59,(anonymous_7)
FN:60,(anonymous_8)
FN:63,(anonymous_9)
FNF:10
FNH:3
FNDA:10,createApp
FNDA:34,(anonymous_1)
FNDA:0,(anonymous_2)
FNDA:0,(anonymous_3)
FNDA:0,(anonymous_4)
FNDA:0,(anonymous_5)
FNDA:0,(anonymous_6)
FNDA:0,(anonymous_7)
FNDA:0,(anonymous_8)
FNDA:1,(anonymous_9)
DA:13,5
DA:15,5
DA:16,5
DA:19,10
DA:21,10
DA:32,10
DA:33,10
DA:34,10
DA:36,10
DA:38,10
DA:44,10
DA:45,34
DA:46,34
DA:49,10
DA:50,10
DA:51,10
DA:52,10
DA:54,10
DA:55,10
DA:56,10
DA:57,10
DA:58,10
DA:59,10
DA:60,10
DA:63,10
DA:65,10
LF:26
LH:26
BRDA:18,0,0,5
BRDA:39,1,0,10
BRDA:39,1,1,5
BRDA:39,1,2,0
BRDA:45,2,0,34
BRDA:45,2,1,21
BRF:6
BRH:5
end_of_record
TN:
SF:src/routes/auth.js
FN:7,(anonymous_0)
FN:20,(anonymous_1)
FN:34,(anonymous_2)
FN:35,(anonymous_3)
FN:38,(anonymous_4)
FNF:5
FNH:3
FNDA:2,(anonymous_0)
FNDA:14,(anonymous_1)
FNDA:0,(anonymous_2)
FNDA:0,(anonymous_3)
FNDA:2,(anonymous_4)
DA:5,5
DA:7,5
DA:8,2
DA:9,2
DA:10,2
DA:11,2
DA:12,1
DA:13,1
DA:14,1
DA:15,1
DA:16,1
DA:17,1
DA:20,5
DA:21,14
DA:22,14
DA:23,14
DA:24,14
DA:25,13
DA:26,13
DA:27,13
DA:28,13
DA:29,13
DA:30,13
DA:31,13
DA:34,5
DA:35,0
DA:38,5
DA:39,2
LF:28
LH:27
BRDA:9,0,0,0
BRDA:9,0,1,2
BRDA:9,1,0,2
BRDA:9,1,1,2
BRDA:11,2,0,1
BRDA:11,2,1,1
BRDA:15,3,0,1
BRDA:15,3,1,0
BRDA:16,4,0,0
BRDA:16,4,1,1
BRDA:22,5,0,0
BRDA:22,5,1,14
BRDA:22,6,0,14
BRDA:22,6,1,14
BRDA:24,7,0,1
BRDA:24,7,1,13
BRDA:27,8,0,0
BRDA:27,8,1,13
BRDA:29,9,0,13
BRDA:29,9,1,0
BRDA:30,10,0,0
BRDA:30,10,1,13
BRF:22
BRH:15
end_of_record
TN:
SF:src/routes/journal.js
FN:6,ensureAuth
FN:13,(anonymous_1)
FN:21,(anonymous_2)
FN:32,(anonymous_3)
FN:44,(anonymous_4)
FNF:5
FNH:5
FNDA:5,ensureAuth
FNDA:1,(anonymous_1)
FNDA:1,(anonymous_2)
FNDA:1,(anonymous_3)
FNDA:1,(anonymous_4)
DA:4,5
DA:7,5
DA:8,4
DA:11,5
DA:13,5
DA:14,1
DA:18,1
DA:21,5
DA:22,1
DA:24,1
DA:25,1
DA:29,1
DA:32,5
DA:33,1
DA:34,1
DA:36,1
DA:37,1
DA:41,1
DA:44,5
DA:45,1
DA:46,1
DA:47,1
LF:22
LH:22
BRDA:7,0,0,1
BRDA:7,0,1,4
BRF:2
BRH:2
end_of_record
TN:
SF:src/routes/meals.js
FN:6,ensureAuth
FN:13,(anonymous_1)
FN:21,(anonymous_2)
FN:41,(anonymous_3)
FN:53,(anonymous_4)
FNF:5
FNH:5
FNDA:5,ensureAuth
FNDA:1,(anonymous_1)
FNDA:1,(anonymous_2)
FNDA:1,(anonymous_3)
FNDA:1,(anonymous_4)
DA:4,5
DA:7,5
DA:8,4
DA:11,5
DA:13,5
DA:14,1
DA:18,1
DA:21,5
DA:22,1
DA:24,1
DA:25,1
DA:38,1
DA:41,5
DA:42,1
DA:43,1
DA:45,1
DA:46,1
DA:50,1
DA:53,5
DA:54,1
DA:55,1
DA:56,1
LF:22
LH:22
BRDA:7,0,0,1
BRDA:7,0,1,4
BRDA:31,1,0,1
BRDA:31,1,1,1
BRDA:32,2,0,1
BRDA:32,2,1,1
BRDA:33,3,0,1
BRDA:33,3,1,1
BRDA:34,4,0,1
BRDA:34,4,1,1
BRDA:35,5,0,1
BRDA:35,5,1,1
BRDA:48,6,0,1
BRDA:48,6,1,1
BRDA:48,7,0,1
BRDA:48,7,1,1
BRDA:48,8,0,1
BRDA:48,8,1,1
BRDA:48,9,0,1
BRDA:48,9,1,1
BRDA:48,10,0,1
BRDA:48,10,1,1
BRF:22
BRH:22
end_of_record
TN:
SF:src/routes/workouts.js
FN:6,ensureAuth
FN:13,(anonymous_1)
FN:21,(anonymous_2)
FN:32,(anonymous_3)
FN:44,(anonymous_4)
FNF:5
FNH:5
FNDA:5,ensureAuth
FNDA:1,(anonymous_1)
FNDA:1,(anonymous_2)
FNDA:1,(anonymous_3)
FNDA:1,(anonymous_4)
DA:4,5
DA:7,5
DA:8,4
DA:11,5
DA:13,5
DA:14,1
DA:18,1
DA:21,5
DA:22,1
DA:24,1
DA:25,1
DA:29,1
DA:32,5
DA:33,1
DA:34,1
DA:36,1
DA:37,1
DA:41,1
DA:44,5
DA:45,1
DA:46,1
DA:47,1
LF:22
LH:22
BRDA:7,0,0,1
BRDA:7,0,1,4
BRDA:27,1,0,1
BRDA:27,1,1,1
BRDA:27,2,0,1
BRDA:27,2,1,1
BRDA:39,3,0,1
BRDA:39,3,1,1
BRDA:39,4,0,1
BRDA:39,4,1,1
BRF:10
BRH:10
end_of_record
TN:
SF:src/utils/db.js
FN:8,getPool
FN:25,__setPool
FN:29,__resetPool
FN:33,query
FNF:4
FNH:3
FNDA:2,getPool
FNDA:1,__setPool
FNDA:0,__resetPool
FNDA:1,query
DA:4,1
DA:9,2
DA:10,1
DA:21,2
DA:26,1
DA:30,0
DA:34,1
DA:35,1
LF:8
LH:7
BRDA:9,0,0,1
BRDA:9,0,1,1
BRDA:11,1,0,1
BRDA:11,1,1,0
BRDA:12,2,0,1
BRDA:12,2,1,0
BRDA:15,3,0,1
BRDA:15,3,1,0
BRF:8
BRH:5
end_of_record
